0 verbose cli /usr/local/bin/node /usr/local/bin/npm
1 info using npm@9.5.1
2 info using node@v18.16.0
3 timing npm:load:whichnode Completed in 1ms
4 timing config:load:defaults Completed in 1ms
5 timing config:load:file:/usr/local/lib/node_modules/npm/npmrc Completed in 0ms
6 timing config:load:builtin Completed in 0ms
7 timing config:load:cli Completed in 1ms
8 timing config:load:env Completed in 0ms
9 timing config:load:file:/Users/anubalaji/Website/K3_Site/.npmrc Completed in 0ms
10 timing config:load:project Completed in 0ms
11 timing config:load:file:/Users/anubalaji/.npmrc Completed in 0ms
12 timing config:load:user Completed in 1ms
13 timing config:load:file:/usr/local/etc/npmrc Completed in 0ms
14 timing config:load:global Completed in 0ms
15 timing config:load:setEnvs Completed in 0ms
16 timing config:load Completed in 3ms
17 timing npm:load:configload Completed in 3ms
18 timing npm:load:mkdirpcache Completed in 1ms
19 timing npm:load:mkdirplogs Completed in 1ms
20 verbose title npm create vite@latest frontend --template react
21 verbose argv "create" "vite@latest" "frontend" "--" "--template" "react"
22 timing npm:load:setTitle Completed in 0ms
23 timing config:load:flatten Completed in 1ms
24 timing npm:load:display Completed in 2ms
25 verbose logfile logs-max:10 dir:/Users/anubalaji/Website/K3_Site/.npm-cache/_logs/2025-11-15T18_31_00_678Z-
26 verbose logfile /Users/anubalaji/Website/K3_Site/.npm-cache/_logs/2025-11-15T18_31_00_678Z-debug-0.log
27 timing npm:load:logFile Completed in 2ms
28 timing npm:load:timers Completed in 0ms
29 timing npm:load:configScope Completed in 0ms
30 timing npm:load Completed in 10ms
31 silly logfile done cleaning log files
32 timing arborist:ctor Completed in 1ms
33 timing command:create Completed in 70028ms
34 verbose type system
35 verbose stack FetchError: request to https://registry.npmjs.org/create-vite failed, reason: getaddrinfo ENOTFOUND registry.npmjs.org
35 verbose stack     at ClientRequest.<anonymous> (/usr/local/lib/node_modules/npm/node_modules/minipass-fetch/lib/index.js:130:14)
35 verbose stack     at ClientRequest.emit (node:events:513:28)
35 verbose stack     at TLSSocket.socketErrorListener (node:_http_client:502:9)
35 verbose stack     at TLSSocket.emit (node:events:525:35)
35 verbose stack     at emitErrorNT (node:internal/streams/destroy:151:8)
35 verbose stack     at emitErrorCloseNT (node:internal/streams/destroy:116:3)
35 verbose stack     at process.processTicksAndRejections (node:internal/process/task_queues:82:21)
36 verbose cwd /Users/anubalaji/Website/K3_Site
37 verbose Darwin 24.5.0
38 verbose node v18.16.0
39 verbose npm  v9.5.1
40 error code ENOTFOUND
41 error syscall getaddrinfo
42 error errno ENOTFOUND
43 error network request to https://registry.npmjs.org/create-vite failed, reason: getaddrinfo ENOTFOUND registry.npmjs.org
44 error network This is a problem related to network connectivity.
44 error network In most cases you are behind a proxy or have bad network settings.
44 error network
44 error network If you are behind a proxy, please make sure that the
44 error network 'proxy' config is set properly.  See: 'npm help config'
45 verbose exit 1
46 timing npm Completed in 70054ms
47 verbose code 1
48 error A complete log of this run can be found in:
48 error     /Users/anubalaji/Website/K3_Site/.npm-cache/_logs/2025-11-15T18_31_00_678Z-debug-0.log
